# JRE version: OpenJDK Runtime Environment (8.0_202-b03) (build 1.8.0_202-release-1483-b03)
# Java VM: OpenJDK 64-Bit Server VM (25.202-b03 mixed mode windows-amd64 compressed oops)
Heap:
 PSYoungGen      total 456704K, used 114380K [0x00000000e0000000, 0x0000000100000000, 0x0000000100000000)
  eden space 396800K, 28% used [0x00000000e0000000,0x00000000e6fb3360,0x00000000f8380000)
  from space 59904K, 0% used [0x00000000fbe80000,0x00000000fbe80000,0x00000000ff900000)
  to   space 60416K, 0% used [0x00000000f8380000,0x00000000f8380000,0x00000000fbe80000)
 ParOldGen       total 332800K, used 199599K [0x00000000a0000000, 0x00000000b4500000, 0x00000000e0000000)
  object space 332800K, 59% used [0x00000000a0000000,0x00000000ac2ebfb0,0x00000000b4500000)
 Metaspace       used 330463K, capacity 344922K, committed 353600K, reserved 1357824K
  class space    used 41167K, capacity 43928K, committed 45440K, reserved 1048576K
GC Heap History (10 events):
Event: 4386.861 GC heap before
{Heap before GC invocations=63 (full 6):
 PSYoungGen      total 452608K, used 35864K [0x00000000e0000000, 0x00000000ffd80000, 0x0000000100000000)
  eden space 387584K, 0% used [0x00000000e0000000,0x00000000e0128be8,0x00000000f7a80000)
  from space 65024K, 53% used [0x00000000fba00000,0x00000000fdbdd7d8,0x00000000ff980000)
  to   space 65024K, 0% used [0x00000000f7a80000,0x00000000f7a80000,0x00000000fba00000)
 ParOldGen       total 265216K, used 199836K [0x00000000a0000000, 0x00000000b0300000, 0x00000000e0000000)
  object space 265216K, 75% used [0x00000000a0000000,0x00000000ac327000,0x00000000b0300000)
 Metaspace       used 306973K, capacity 323426K, committed 323520K, reserved 1331200K
  class space    used 38439K, capacity 41420K, committed 41472K, reserved 1048576K
Event: 4386.916 GC heap after
Heap after GC invocations=63 (full 6):
 PSYoungGen      total 452608K, used 128K [0x00000000e0000000, 0x0000000100000000, 0x0000000100000000)
  eden space 387584K, 0% used [0x00000000e0000000,0x00000000e0000000,0x00000000f7a80000)
  from space 65024K, 0% used [0x00000000f7a80000,0x00000000f7aa0000,0x00000000fba00000)
  to   space 65024K, 0% used [0x00000000fc080000,0x00000000fc080000,0x0000000100000000)
 ParOldGen       total 265216K, used 221054K [0x00000000a0000000, 0x00000000b0300000, 0x00000000e0000000)
  object space 265216K, 83% used [0x00000000a0000000,0x00000000ad7df9d8,0x00000000b0300000)
 Metaspace       used 306973K, capacity 323426K, committed 323520K, reserved 1331200K
  class space    used 38439K, capacity 41420K, committed 41472K, reserved 1048576K
}
Event: 8409.357 GC heap before
{Heap before GC invocations=64 (full 6):
 PSYoungGen      total 452608K, used 387712K [0x00000000e0000000, 0x0000000100000000, 0x0000000100000000)
  eden space 387584K, 100% used [0x00000000e0000000,0x00000000f7a80000,0x00000000f7a80000)
  from space 65024K, 0% used [0x00000000f7a80000,0x00000000f7aa0000,0x00000000fba00000)
  to   space 65024K, 0% used [0x00000000fc080000,0x00000000fc080000,0x0000000100000000)
 ParOldGen       total 265216K, used 221054K [0x00000000a0000000, 0x00000000b0300000, 0x00000000e0000000)
  object space 265216K, 83% used [0x00000000a0000000,0x00000000ad7df9d8,0x00000000b0300000)
 Metaspace       used 323762K, capacity 341108K, committed 341440K, reserved 1347584K
  class space    used 40525K, capacity 43696K, committed 43776K, reserved 1048576K
Event: 8409.414 GC heap after
Heap after GC invocations=64 (full 6):
 PSYoungGen      total 457216K, used 31010K [0x00000000e0000000, 0x00000000ffe00000, 0x0000000100000000)
  eden space 394240K, 0% used [0x00000000e0000000,0x00000000e0000000,0x00000000f8100000)
  from space 62976K, 49% used [0x00000000fc080000,0x00000000fdec8a00,0x00000000ffe00000)
  to   space 64000K, 0% used [0x00000000f8100000,0x00000000f8100000,0x00000000fbf80000)
 ParOldGen       total 265216K, used 221094K [0x00000000a0000000, 0x00000000b0300000, 0x00000000e0000000)
  object space 265216K, 83% used [0x00000000a0000000,0x00000000ad7e99d8,0x00000000b0300000)
 Metaspace       used 323762K, capacity 341108K, committed 341440K, reserved 1347584K
  class space    used 40525K, capacity 43696K, committed 43776K, reserved 1048576K
}
Event: 8427.323 GC heap before
{Heap before GC invocations=65 (full 6):
 PSYoungGen      total 457216K, used 425250K [0x00000000e0000000, 0x00000000ffe00000, 0x0000000100000000)
  eden space 394240K, 100% used [0x00000000e0000000,0x00000000f8100000,0x00000000f8100000)
  from space 62976K, 49% used [0x00000000fc080000,0x00000000fdec8a00,0x00000000ffe00000)
  to   space 64000K, 0% used [0x00000000f8100000,0x00000000f8100000,0x00000000fbf80000)
 ParOldGen       total 265216K, used 221094K [0x00000000a0000000, 0x00000000b0300000, 0x00000000e0000000)
  object space 265216K, 83% used [0x00000000a0000000,0x00000000ad7e99d8,0x00000000b0300000)
 Metaspace       used 331057K, capacity 349264K, committed 349504K, reserved 1353728K
  class space    used 41611K, capacity 44910K, committed 44928K, reserved 1048576K
Event: 8427.386 GC heap after
Heap after GC invocations=65 (full 6):
 PSYoungGen      total 416768K, used 22375K [0x00000000e0000000, 0x00000000ff900000, 0x0000000100000000)
  eden space 394240K, 0% used [0x00000000e0000000,0x00000000e0000000,0x00000000f8100000)
  from space 22528K, 99% used [0x00000000f8100000,0x00000000f96d9c70,0x00000000f9700000)
  to   space 59904K, 0% used [0x00000000fbe80000,0x00000000fbe80000,0x00000000ff900000)
 ParOldGen       total 265216K, used 236259K [0x00000000a0000000, 0x00000000b0300000, 0x00000000e0000000)
  object space 265216K, 89% used [0x00000000a0000000,0x00000000ae6b8d10,0x00000000b0300000)
 Metaspace       used 331057K, capacity 349264K, committed 349504K, reserved 1353728K
  class space    used 41611K, capacity 44910K, committed 44928K, reserved 1048576K
}
Event: 8432.089 GC heap before
{Heap before GC invocations=66 (full 6):
 PSYoungGen      total 416768K, used 416615K [0x00000000e0000000, 0x00000000ff900000, 0x0000000100000000)
  eden space 394240K, 100% used [0x00000000e0000000,0x00000000f8100000,0x00000000f8100000)
  from space 22528K, 99% used [0x00000000f8100000,0x00000000f96d9c70,0x00000000f9700000)
  to   space 59904K, 0% used [0x00000000fbe80000,0x00000000fbe80000,0x00000000ff900000)
 ParOldGen       total 265216K, used 236259K [0x00000000a0000000, 0x00000000b0300000, 0x00000000e0000000)
  object space 265216K, 89% used [0x00000000a0000000,0x00000000ae6b8d10,0x00000000b0300000)
 Metaspace       used 334983K, capacity 353468K, committed 353600K, reserved 1357824K
  class space    used 42011K, capacity 45348K, committed 45440K, reserved 1048576K
Event: 8432.171 GC heap after
Heap after GC invocations=66 (full 6):
 PSYoungGen      total 456704K, used 32903K [0x00000000e0000000, 0x0000000100000000, 0x0000000100000000)
  eden space 396800K, 0% used [0x00000000e0000000,0x00000000e0000000,0x00000000f8380000)
  from space 59904K, 54% used [0x00000000fbe80000,0x00000000fdea1ea0,0x00000000ff900000)
  to   space 60416K, 0% used [0x00000000f8380000,0x00000000f8380000,0x00000000fbe80000)
 ParOldGen       total 265216K, used 242365K [0x00000000a0000000, 0x00000000b0300000, 0x00000000e0000000)
  object space 265216K, 91% used [0x00000000a0000000,0x00000000aecaf460,0x00000000b0300000)
 Metaspace       used 334983K, capacity 353468K, committed 353600K, reserved 1357824K
  class space    used 42011K, capacity 45348K, committed 45440K, reserved 1048576K
}
Event: 8432.192 GC heap before
{Heap before GC invocations=67 (full 7):
 PSYoungGen      total 456704K, used 32903K [0x00000000e0000000, 0x0000000100000000, 0x0000000100000000)
  eden space 396800K, 0% used [0x00000000e0000000,0x00000000e0000000,0x00000000f8380000)
  from space 59904K, 54% used [0x00000000fbe80000,0x00000000fdea1ea0,0x00000000ff900000)
  to   space 60416K, 0% used [0x00000000f8380000,0x00000000f8380000,0x00000000fbe80000)
 ParOldGen       total 265216K, used 242365K [0x00000000a0000000, 0x00000000b0300000, 0x00000000e0000000)
  object space 265216K, 91% used [0x00000000a0000000,0x00000000aecaf460,0x00000000b0300000)
 Metaspace       used 334983K, capacity 353468K, committed 353600K, reserved 1357824K
  class space    used 42011K, capacity 45348K, committed 45440K, reserved 1048576K
Event: 8433.808 GC heap after
Heap after GC invocations=67 (full 7):
 PSYoungGen      total 456704K, used 0K [0x00000000e0000000, 0x0000000100000000, 0x0000000100000000)
  eden space 396800K, 0% used [0x00000000e0000000,0x00000000e0000000,0x00000000f8380000)
  from space 59904K, 0% used [0x00000000fbe80000,0x00000000fbe80000,0x00000000ff900000)
  to   space 60416K, 0% used [0x00000000f8380000,0x00000000f8380000,0x00000000fbe80000)
 ParOldGen       total 332800K, used 199599K [0x00000000a0000000, 0x00000000b4500000, 0x00000000e0000000)
  object space 332800K, 59% used [0x00000000a0000000,0x00000000ac2ebfb0,0x00000000b4500000)
 Metaspace       used 330396K, capacity 344856K, committed 353600K, reserved 1357824K
  class space    used 41144K, capacity 43891K, committed 45440K, reserved 1048576K
}

